<?xml version="1.0" encoding="UTF-8"?>
<!-- Generated by org.testng.reporters.JUnitXMLReporter -->
<testsuite ignored="2" hostname="LAPTOP-9KSIAF9N" failures="3" tests="10" name="Test" time="0.144" errors="0" timestamp="2023-11-18T23:19:49 GMT">
  <testcase classname="selenium.JavaStreams" name="CollectStream" time="0.012"/>
  <testcase classname="selenium.JavaStreams" name="Regular" time="0.011">
    <failure type="java.lang.AssertionError" message="expected [false] but found [true]">
      <![CDATA[java.lang.AssertionError: expected [false] but found [true]
at selenium.JavaStreams.Regular(JavaStreams.java:29)
at java.base/java.util.ArrayList.forEach(ArrayList.java:1511)
... Removed 31 stack frames]]>
    </failure>
  </testcase> <!-- Regular -->
  <testcase classname="testNG.demo2" name="Atest11" time="0.002">
    <failure type="java.lang.AssertionError" message="expected [true] but found [false]">
      <![CDATA[java.lang.AssertionError: expected [true] but found [false]
at testNG.demo2.Atest11(demo2.java:60)
at java.base/java.util.ArrayList.forEach(ArrayList.java:1511)
... Removed 31 stack frames]]>
    </failure>
  </testcase> <!-- Atest11 -->
  <testcase classname="testNG.demo2" name="Login" time="0.009"/>
  <testcase classname="testNG.demo2" name="test4" time="0.0">
    <failure type="org.testng.TestNGException" message="
Parameter &amp;apos;API Key/username&amp;apos; is required by @Test on method test4 but has not been marked @Optional or defined
in C:\Users\ashis\SeleniumPractice\eclipse-workspace\Sample\testng.xml">
      <![CDATA[org.testng.TestNGException: 
Parameter 'API Key/username' is required by @Test on method test4 but has not been marked @Optional or defined
in C:\Users\ashis\SeleniumPractice\eclipse-workspace\Sample\testng.xml
at java.base/java.util.ArrayList.forEach(ArrayList.java:1511)
... Removed 26 stack frames]]>
    </failure>
  </testcase> <!-- test4 -->
  <testcase classname="testNG.demo2" name="test8" time="0.001"/>
  <testcase classname="testNG.demo2" name="Wtest7" time="0.002"/>
  <testcase classname="testNG.demo2" name="Atest6" time="0.001"/>
  <testcase classname="testNG.demo1" name="test2" time="0.001"/>
  <testcase classname="testNG.demo1" name="test3" time="0.002"/>
  <testcase classname="testNG.demo2" name="Logindetails" time="0.0">
    <ignored/>
  </testcase> <!-- Logindetails -->
  <testcase classname="testNG.demo1" name="test1" time="0.0">
    <ignored/>
  </testcase> <!-- test1 -->
</testsuite> <!-- Test -->
